<?xml version="1.0" encoding="UTF-8"?>
<testsuite name="com.example.TipCalculatorTest" tests="7" skipped="0" failures="0" errors="0" timestamp="2025-08-25T16:20:47.945Z" hostname="codespaces-dfce09" time="0.061">
  <properties/>
  <testcase name="testCalculateTipSmallCost()" classname="com.example.TipCalculatorTest" time="0.038"/>
  <testcase name="testCalculateTipZeroPercent()" classname="com.example.TipCalculatorTest" time="0.001"/>
  <testcase name="testCalculateTipHighPercent()" classname="com.example.TipCalculatorTest" time="0.002"/>
  <testcase name="testCalculateTip2()" classname="com.example.TipCalculatorTest" time="0.001"/>
  <testcase name="testCalculateTip3()" classname="com.example.TipCalculatorTest" time="0.003"/>
  <testcase name="testCalculateTip4()" classname="com.example.TipCalculatorTest" time="0.001"/>
  <testcase name="testCalculateTip()" classname="com.example.TipCalculatorTest" time="0.001"/>
  <system-out><![CDATA[]]></system-out>
  <system-err><![CDATA[]]></system-err>
</testsuite>
